2018-07-27 14:03:18.973  INFO 10600 --- [restartedMain] c.c.s.SpringBootMyBatisApplication       : Starting SpringBootMyBatisApplication on LIN51006363 with PID 10600 (C:\Users\ambhaler\138947\MyCodingWorkSpace\SpringWorkspace\Spring-Boot\SpringBootRESTJPAMyBatis\target\classes started by ambhaler in C:\Users\ambhaler\138947\MyCodingWorkSpace\SpringWorkspace\Spring-Boot\SpringBootRESTJPAMyBatis)
2018-07-27 14:03:18.973  INFO 10600 --- [restartedMain] c.c.s.SpringBootMyBatisApplication       : No active profile set, falling back to default profiles: default
2018-07-27 14:03:19.568  INFO 10600 --- [restartedMain] o.apache.catalina.core.StandardService   : Starting service [Tomcat]
2018-07-27 14:03:19.583  INFO 10600 --- [restartedMain] org.apache.catalina.core.StandardEngine  : Starting Servlet Engine: Apache Tomcat/8.5.31
2018-07-27 14:03:19.693  INFO 10600 --- [localhost-startStop-1] o.a.c.c.C.[Tomcat].[localhost].[/]       : Initializing Spring embedded WebApplicationContext
2018-07-27 14:03:19.762  INFO 10600 --- [restartedMain] com.zaxxer.hikari.HikariDataSource       : HikariPool-2 - Starting...
2018-07-27 14:03:19.771  INFO 10600 --- [restartedMain] com.zaxxer.hikari.HikariDataSource       : HikariPool-2 - Start completed.
2018-07-27 14:03:19.771  INFO 10600 --- [restartedMain] o.hibernate.jpa.internal.util.LogHelper  : HHH000204: Processing PersistenceUnitInfo [
	name: default
	...]
2018-07-27 14:03:19.802  INFO 10600 --- [restartedMain] org.hibernate.dialect.Dialect            : HHH000400: Using dialect: org.hibernate.dialect.MySQL5Dialect
2018-07-27 14:03:19.956  WARN 10600 --- [restartedMain] aWebConfiguration$JpaWebMvcConfiguration : spring.jpa.open-in-view is enabled by default. Therefore, database queries may be performed during view rendering. Explicitly configure spring.jpa.open-in-view to disable this warning
2018-07-27 14:03:20.112  INFO 10600 --- [restartedMain] c.c.s.SpringBootMyBatisApplication       : Started SpringBootMyBatisApplication in 1.171 seconds (JVM running for 274.225)
2018-07-27 14:03:40.857  INFO 10600 --- [http-nio-8085-exec-2] o.a.c.c.C.[Tomcat].[localhost].[/]       : Initializing Spring FrameworkServlet 'dispatcherServlet'
2018-07-27 14:04:11.802  INFO 10600 --- [RMI TCP Connection(2)-127.0.0.1] com.zaxxer.hikari.HikariDataSource       : HikariPool-2 - Shutdown initiated...
2018-07-27 14:04:11.810  INFO 10600 --- [RMI TCP Connection(2)-127.0.0.1] com.zaxxer.hikari.HikariDataSource       : HikariPool-2 - Shutdown completed.
2018-07-27 14:04:26.972  INFO 14016 --- [restartedMain] c.c.s.SpringBootMyBatisApplication       : Starting SpringBootMyBatisApplication on LIN51006363 with PID 14016 (C:\Users\ambhaler\138947\MyCodingWorkSpace\SpringWorkspace\Spring-Boot\SpringBootRESTJPAMyBatis\target\classes started by ambhaler in C:\Users\ambhaler\138947\MyCodingWorkSpace\SpringWorkspace\Spring-Boot\SpringBootRESTJPAMyBatis)
2018-07-27 14:04:26.972  INFO 14016 --- [restartedMain] c.c.s.SpringBootMyBatisApplication       : No active profile set, falling back to default profiles: default
2018-07-27 14:04:28.300  INFO 14016 --- [restartedMain] o.apache.catalina.core.StandardService   : Starting service [Tomcat]
2018-07-27 14:04:28.305  INFO 14016 --- [restartedMain] org.apache.catalina.core.StandardEngine  : Starting Servlet Engine: Apache Tomcat/8.5.31
2018-07-27 14:04:28.306  INFO 14016 --- [localhost-startStop-1] o.a.catalina.core.AprLifecycleListener   : The APR based Apache Tomcat Native library which allows optimal performance in production environments was not found on the java.library.path: [C:\Program Files (x86)\Java\jdk1.8.0_91\bin;C:\WINDOWS\Sun\Java\bin;C:\WINDOWS\system32;C:\WINDOWS;C:/Program Files/Java/jre1.8.0_131/bin/server;C:/Program Files/Java/jre1.8.0_131/bin;C:/Program Files/Java/jre1.8.0_131/lib/amd64;C:\WINDOWS\system32;C:\WINDOWS;C:\WINDOWS\System32\Wbem;C:\WINDOWS\System32\WindowsPowerShell\v1.0\;C:\Program Files (x86)\QuickTime\QTSystem\;C:\Program Files\CapgeminiScripts\Support Tools\;C:\Program Files\TortoiseSVN\bin;C:\Program Files (x86)\Java\jdk1.8.0_91\bin;C:\Softwares\Required\apache-maven-2.2.1\bin\;C:\Program Files (x86)\Java\jdk1.8.0_91\jre\bin;C:\Program Files\nodejs\;C:\Program Files\Git\cmd;C:\Program Files\Microsoft VS Code\bin;C:\Users\ambhaler\AppData\Local\Microsoft\WindowsApps;C:\Users\ambhaler\AppData\Roaming\npm;C:\Users\ambhaler\AppData\Roaming\npm\node_modules\@angular\cli\bin\;;C:\Softwares\Extra\spring-tool-suite-3.9.4.RELEASE-e4.7.3a-win32-x86_64\sts-bundle\sts-3.9.4.RELEASE;;.]
2018-07-27 14:04:28.487  INFO 14016 --- [localhost-startStop-1] o.a.c.c.C.[Tomcat].[localhost].[/]       : Initializing Spring embedded WebApplicationContext
2018-07-27 14:04:28.816  INFO 14016 --- [restartedMain] com.zaxxer.hikari.HikariDataSource       : HikariPool-1 - Starting...
2018-07-27 14:04:28.924  INFO 14016 --- [restartedMain] com.zaxxer.hikari.HikariDataSource       : HikariPool-1 - Start completed.
2018-07-27 14:04:28.970  INFO 14016 --- [restartedMain] o.hibernate.jpa.internal.util.LogHelper  : HHH000204: Processing PersistenceUnitInfo [
	name: default
	...]
2018-07-27 14:04:29.017  INFO 14016 --- [restartedMain] org.hibernate.Version                    : HHH000412: Hibernate Core {5.2.17.Final}
2018-07-27 14:04:29.017  INFO 14016 --- [restartedMain] org.hibernate.cfg.Environment            : HHH000206: hibernate.properties not found
2018-07-27 14:04:29.064  INFO 14016 --- [restartedMain] o.hibernate.annotations.common.Version   : HCANN000001: Hibernate Commons Annotations {5.0.1.Final}
2018-07-27 14:04:29.158  INFO 14016 --- [restartedMain] org.hibernate.dialect.Dialect            : HHH000400: Using dialect: org.hibernate.dialect.MySQL5Dialect
2018-07-27 14:04:29.989  WARN 14016 --- [restartedMain] aWebConfiguration$JpaWebMvcConfiguration : spring.jpa.open-in-view is enabled by default. Therefore, database queries may be performed during view rendering. Explicitly configure spring.jpa.open-in-view to disable this warning
2018-07-27 14:04:30.458  INFO 14016 --- [restartedMain] c.c.s.SpringBootMyBatisApplication       : Started SpringBootMyBatisApplication in 3.792 seconds (JVM running for 4.897)
2018-07-27 14:05:42.214  INFO 14016 --- [Thread-6] com.zaxxer.hikari.HikariDataSource       : HikariPool-1 - Shutdown initiated...
2018-07-27 14:05:42.236  INFO 14016 --- [Thread-6] com.zaxxer.hikari.HikariDataSource       : HikariPool-1 - Shutdown completed.
2018-07-27 14:05:42.508  INFO 14016 --- [restartedMain] c.c.s.SpringBootMyBatisApplication       : Starting SpringBootMyBatisApplication on LIN51006363 with PID 14016 (C:\Users\ambhaler\138947\MyCodingWorkSpace\SpringWorkspace\Spring-Boot\SpringBootRESTJPAMyBatis\target\classes started by ambhaler in C:\Users\ambhaler\138947\MyCodingWorkSpace\SpringWorkspace\Spring-Boot\SpringBootRESTJPAMyBatis)
2018-07-27 14:05:42.508  INFO 14016 --- [restartedMain] c.c.s.SpringBootMyBatisApplication       : No active profile set, falling back to default profiles: default
2018-07-27 14:05:43.079  INFO 14016 --- [restartedMain] o.apache.catalina.core.StandardService   : Starting service [Tomcat]
2018-07-27 14:05:43.079  INFO 14016 --- [restartedMain] org.apache.catalina.core.StandardEngine  : Starting Servlet Engine: Apache Tomcat/8.5.31
2018-07-27 14:05:43.189  INFO 14016 --- [localhost-startStop-1] o.a.c.c.C.[Tomcat].[localhost].[/]       : Initializing Spring embedded WebApplicationContext
2018-07-27 14:05:43.251  INFO 14016 --- [restartedMain] com.zaxxer.hikari.HikariDataSource       : HikariPool-2 - Starting...
2018-07-27 14:05:43.269  INFO 14016 --- [restartedMain] com.zaxxer.hikari.HikariDataSource       : HikariPool-2 - Start completed.
2018-07-27 14:05:43.269  INFO 14016 --- [restartedMain] o.hibernate.jpa.internal.util.LogHelper  : HHH000204: Processing PersistenceUnitInfo [
	name: default
	...]
2018-07-27 14:05:43.300  INFO 14016 --- [restartedMain] org.hibernate.dialect.Dialect            : HHH000400: Using dialect: org.hibernate.dialect.MySQL5Dialect
2018-07-27 14:05:43.507  WARN 14016 --- [restartedMain] aWebConfiguration$JpaWebMvcConfiguration : spring.jpa.open-in-view is enabled by default. Therefore, database queries may be performed during view rendering. Explicitly configure spring.jpa.open-in-view to disable this warning
2018-07-27 14:05:43.633  INFO 14016 --- [restartedMain] c.c.s.SpringBootMyBatisApplication       : Started SpringBootMyBatisApplication in 1.157 seconds (JVM running for 78.073)
2018-07-27 14:06:01.283  INFO 14016 --- [Thread-10] com.zaxxer.hikari.HikariDataSource       : HikariPool-2 - Shutdown initiated...
2018-07-27 14:06:01.290  INFO 14016 --- [Thread-10] com.zaxxer.hikari.HikariDataSource       : HikariPool-2 - Shutdown completed.
2018-07-27 14:06:01.549  INFO 14016 --- [restartedMain] c.c.s.SpringBootMyBatisApplication       : Starting SpringBootMyBatisApplication on LIN51006363 with PID 14016 (C:\Users\ambhaler\138947\MyCodingWorkSpace\SpringWorkspace\Spring-Boot\SpringBootRESTJPAMyBatis\target\classes started by ambhaler in C:\Users\ambhaler\138947\MyCodingWorkSpace\SpringWorkspace\Spring-Boot\SpringBootRESTJPAMyBatis)
2018-07-27 14:06:01.549  INFO 14016 --- [restartedMain] c.c.s.SpringBootMyBatisApplication       : No active profile set, falling back to default profiles: default
2018-07-27 14:06:02.129  INFO 14016 --- [restartedMain] o.apache.catalina.core.StandardService   : Starting service [Tomcat]
2018-07-27 14:06:02.129  INFO 14016 --- [restartedMain] org.apache.catalina.core.StandardEngine  : Starting Servlet Engine: Apache Tomcat/8.5.31
2018-07-27 14:06:02.254  INFO 14016 --- [localhost-startStop-1] o.a.c.c.C.[Tomcat].[localhost].[/]       : Initializing Spring embedded WebApplicationContext
2018-07-27 14:06:02.301  INFO 14016 --- [restartedMain] com.zaxxer.hikari.HikariDataSource       : HikariPool-3 - Starting...
2018-07-27 14:06:02.314  INFO 14016 --- [restartedMain] com.zaxxer.hikari.HikariDataSource       : HikariPool-3 - Start completed.
2018-07-27 14:06:02.314  INFO 14016 --- [restartedMain] o.hibernate.jpa.internal.util.LogHelper  : HHH000204: Processing PersistenceUnitInfo [
	name: default
	...]
2018-07-27 14:06:02.346  INFO 14016 --- [restartedMain] org.hibernate.dialect.Dialect            : HHH000400: Using dialect: org.hibernate.dialect.MySQL5Dialect
2018-07-27 14:06:02.503  WARN 14016 --- [restartedMain] aWebConfiguration$JpaWebMvcConfiguration : spring.jpa.open-in-view is enabled by default. Therefore, database queries may be performed during view rendering. Explicitly configure spring.jpa.open-in-view to disable this warning
2018-07-27 14:06:02.613  INFO 14016 --- [restartedMain] c.c.s.SpringBootMyBatisApplication       : Started SpringBootMyBatisApplication in 1.095 seconds (JVM running for 97.053)
2018-07-27 14:06:10.066  INFO 14016 --- [http-nio-8085-exec-2] o.a.c.c.C.[Tomcat].[localhost].[/]       : Initializing Spring FrameworkServlet 'dispatcherServlet'
2018-07-27 14:08:53.298  INFO 14016 --- [Thread-16] com.zaxxer.hikari.HikariDataSource       : HikariPool-3 - Shutdown initiated...
2018-07-27 14:08:53.307  INFO 14016 --- [Thread-16] com.zaxxer.hikari.HikariDataSource       : HikariPool-3 - Shutdown completed.
2018-07-27 14:08:53.535  INFO 14016 --- [restartedMain] c.c.s.SpringBootMyBatisApplication       : Starting SpringBootMyBatisApplication on LIN51006363 with PID 14016 (C:\Users\ambhaler\138947\MyCodingWorkSpace\SpringWorkspace\Spring-Boot\SpringBootRESTJPAMyBatis\target\classes started by ambhaler in C:\Users\ambhaler\138947\MyCodingWorkSpace\SpringWorkspace\Spring-Boot\SpringBootRESTJPAMyBatis)
2018-07-27 14:08:53.535  INFO 14016 --- [restartedMain] c.c.s.SpringBootMyBatisApplication       : No active profile set, falling back to default profiles: default
2018-07-27 14:08:54.142  INFO 14016 --- [restartedMain] o.apache.catalina.core.StandardService   : Starting service [Tomcat]
2018-07-27 14:08:54.142  INFO 14016 --- [restartedMain] org.apache.catalina.core.StandardEngine  : Starting Servlet Engine: Apache Tomcat/8.5.31
2018-07-27 14:08:54.267  INFO 14016 --- [localhost-startStop-1] o.a.c.c.C.[Tomcat].[localhost].[/]       : Initializing Spring embedded WebApplicationContext
2018-07-27 14:08:54.395  INFO 14016 --- [restartedMain] com.zaxxer.hikari.HikariDataSource       : HikariPool-4 - Starting...
2018-07-27 14:08:54.416  INFO 14016 --- [restartedMain] com.zaxxer.hikari.HikariDataSource       : HikariPool-4 - Start completed.
2018-07-27 14:08:54.431  INFO 14016 --- [restartedMain] o.hibernate.jpa.internal.util.LogHelper  : HHH000204: Processing PersistenceUnitInfo [
	name: default
	...]
2018-07-27 14:08:54.447  INFO 14016 --- [restartedMain] org.hibernate.dialect.Dialect            : HHH000400: Using dialect: org.hibernate.dialect.MySQL5Dialect
2018-07-27 14:08:54.666  WARN 14016 --- [restartedMain] aWebConfiguration$JpaWebMvcConfiguration : spring.jpa.open-in-view is enabled by default. Therefore, database queries may be performed during view rendering. Explicitly configure spring.jpa.open-in-view to disable this warning
2018-07-27 14:08:54.806  INFO 14016 --- [restartedMain] c.c.s.SpringBootMyBatisApplication       : Started SpringBootMyBatisApplication in 1.302 seconds (JVM running for 269.241)
2018-07-27 14:09:10.395  INFO 14016 --- [Thread-22] com.zaxxer.hikari.HikariDataSource       : HikariPool-4 - Shutdown initiated...
2018-07-27 14:09:10.417  INFO 14016 --- [Thread-22] com.zaxxer.hikari.HikariDataSource       : HikariPool-4 - Shutdown completed.
2018-07-27 14:09:10.651  INFO 14016 --- [restartedMain] c.c.s.SpringBootMyBatisApplication       : Starting SpringBootMyBatisApplication on LIN51006363 with PID 14016 (C:\Users\ambhaler\138947\MyCodingWorkSpace\SpringWorkspace\Spring-Boot\SpringBootRESTJPAMyBatis\target\classes started by ambhaler in C:\Users\ambhaler\138947\MyCodingWorkSpace\SpringWorkspace\Spring-Boot\SpringBootRESTJPAMyBatis)
2018-07-27 14:09:10.651  INFO 14016 --- [restartedMain] c.c.s.SpringBootMyBatisApplication       : No active profile set, falling back to default profiles: default
2018-07-27 14:09:11.243  INFO 14016 --- [restartedMain] o.apache.catalina.core.StandardService   : Starting service [Tomcat]
2018-07-27 14:09:11.243  INFO 14016 --- [restartedMain] org.apache.catalina.core.StandardEngine  : Starting Servlet Engine: Apache Tomcat/8.5.31
2018-07-27 14:09:11.373  INFO 14016 --- [localhost-startStop-1] o.a.c.c.C.[Tomcat].[localhost].[/]       : Initializing Spring embedded WebApplicationContext
2018-07-27 14:09:11.440  INFO 14016 --- [restartedMain] com.zaxxer.hikari.HikariDataSource       : HikariPool-5 - Starting...
2018-07-27 14:09:11.456  INFO 14016 --- [restartedMain] com.zaxxer.hikari.HikariDataSource       : HikariPool-5 - Start completed.
2018-07-27 14:09:11.456  INFO 14016 --- [restartedMain] o.hibernate.jpa.internal.util.LogHelper  : HHH000204: Processing PersistenceUnitInfo [
	name: default
	...]
2018-07-27 14:09:11.487  INFO 14016 --- [restartedMain] org.hibernate.dialect.Dialect            : HHH000400: Using dialect: org.hibernate.dialect.MySQL5Dialect
2018-07-27 14:09:11.690  WARN 14016 --- [restartedMain] aWebConfiguration$JpaWebMvcConfiguration : spring.jpa.open-in-view is enabled by default. Therefore, database queries may be performed during view rendering. Explicitly configure spring.jpa.open-in-view to disable this warning
2018-07-27 14:09:11.799  INFO 14016 --- [restartedMain] c.c.s.SpringBootMyBatisApplication       : Started SpringBootMyBatisApplication in 1.179 seconds (JVM running for 286.237)
2018-07-27 14:09:19.649  INFO 14016 --- [http-nio-8085-exec-3] o.a.c.c.C.[Tomcat].[localhost].[/]       : Initializing Spring FrameworkServlet 'dispatcherServlet'
2018-07-27 14:23:39.852  INFO 14016 --- [RMI TCP Connection(2)-127.0.0.1] com.zaxxer.hikari.HikariDataSource       : HikariPool-5 - Shutdown initiated...
2018-07-27 14:23:39.862  INFO 14016 --- [RMI TCP Connection(2)-127.0.0.1] com.zaxxer.hikari.HikariDataSource       : HikariPool-5 - Shutdown completed.
2018-07-27 14:23:54.601  INFO 8952 --- [restartedMain] c.c.s.SpringBootMyBatisApplication       : Starting SpringBootMyBatisApplication on LIN51006363 with PID 8952 (C:\Users\ambhaler\138947\MyCodingWorkSpace\SpringWorkspace\Spring-Boot\SpringBootRESTJPAMyBatis\target\classes started by ambhaler in C:\Users\ambhaler\138947\MyCodingWorkSpace\SpringWorkspace\Spring-Boot\SpringBootRESTJPAMyBatis)
2018-07-27 14:23:54.601  INFO 8952 --- [restartedMain] c.c.s.SpringBootMyBatisApplication       : No active profile set, falling back to default profiles: default
2018-07-27 14:23:56.662  INFO 8952 --- [restartedMain] o.apache.catalina.core.StandardService   : Starting service [Tomcat]
2018-07-27 14:23:56.668  INFO 8952 --- [restartedMain] org.apache.catalina.core.StandardEngine  : Starting Servlet Engine: Apache Tomcat/8.5.31
2018-07-27 14:23:56.669  INFO 8952 --- [localhost-startStop-1] o.a.catalina.core.AprLifecycleListener   : The APR based Apache Tomcat Native library which allows optimal performance in production environments was not found on the java.library.path: [C:\Program Files (x86)\Java\jdk1.8.0_91\bin;C:\WINDOWS\Sun\Java\bin;C:\WINDOWS\system32;C:\WINDOWS;C:/Program Files/Java/jre1.8.0_131/bin/server;C:/Program Files/Java/jre1.8.0_131/bin;C:/Program Files/Java/jre1.8.0_131/lib/amd64;C:\WINDOWS\system32;C:\WINDOWS;C:\WINDOWS\System32\Wbem;C:\WINDOWS\System32\WindowsPowerShell\v1.0\;C:\Program Files (x86)\QuickTime\QTSystem\;C:\Program Files\CapgeminiScripts\Support Tools\;C:\Program Files\TortoiseSVN\bin;C:\Program Files (x86)\Java\jdk1.8.0_91\bin;C:\Softwares\Required\apache-maven-2.2.1\bin\;C:\Program Files (x86)\Java\jdk1.8.0_91\jre\bin;C:\Program Files\nodejs\;C:\Program Files\Git\cmd;C:\Program Files\Microsoft VS Code\bin;C:\Users\ambhaler\AppData\Local\Microsoft\WindowsApps;C:\Users\ambhaler\AppData\Roaming\npm;C:\Users\ambhaler\AppData\Roaming\npm\node_modules\@angular\cli\bin\;;C:\Softwares\Extra\spring-tool-suite-3.9.4.RELEASE-e4.7.3a-win32-x86_64\sts-bundle\sts-3.9.4.RELEASE;;.]
2018-07-27 14:23:56.959  INFO 8952 --- [localhost-startStop-1] o.a.c.c.C.[Tomcat].[localhost].[/]       : Initializing Spring embedded WebApplicationContext
2018-07-27 14:23:57.374  INFO 8952 --- [restartedMain] com.zaxxer.hikari.HikariDataSource       : HikariPool-1 - Starting...
2018-07-27 14:23:57.491  INFO 8952 --- [restartedMain] com.zaxxer.hikari.HikariDataSource       : HikariPool-1 - Start completed.
2018-07-27 14:23:57.569  INFO 8952 --- [restartedMain] o.hibernate.jpa.internal.util.LogHelper  : HHH000204: Processing PersistenceUnitInfo [
	name: default
	...]
2018-07-27 14:23:57.678  INFO 8952 --- [restartedMain] org.hibernate.Version                    : HHH000412: Hibernate Core {5.2.17.Final}
2018-07-27 14:23:57.680  INFO 8952 --- [restartedMain] org.hibernate.cfg.Environment            : HHH000206: hibernate.properties not found
2018-07-27 14:23:57.727  INFO 8952 --- [restartedMain] o.hibernate.annotations.common.Version   : HCANN000001: Hibernate Commons Annotations {5.0.1.Final}
2018-07-27 14:23:57.845  INFO 8952 --- [restartedMain] org.hibernate.dialect.Dialect            : HHH000400: Using dialect: org.hibernate.dialect.MySQL5Dialect
2018-07-27 14:23:59.273  WARN 8952 --- [restartedMain] aWebConfiguration$JpaWebMvcConfiguration : spring.jpa.open-in-view is enabled by default. Therefore, database queries may be performed during view rendering. Explicitly configure spring.jpa.open-in-view to disable this warning
2018-07-27 14:23:59.929  INFO 8952 --- [restartedMain] c.c.s.SpringBootMyBatisApplication       : Started SpringBootMyBatisApplication in 5.747 seconds (JVM running for 7.92)
2018-07-27 14:24:13.945  INFO 8952 --- [http-nio-8085-exec-2] o.a.c.c.C.[Tomcat].[localhost].[/]       : Initializing Spring FrameworkServlet 'dispatcherServlet'
2018-07-27 14:25:36.004  INFO 8952 --- [RMI TCP Connection(4)-127.0.0.1] com.zaxxer.hikari.HikariDataSource       : HikariPool-1 - Shutdown initiated...
2018-07-27 14:25:36.021  INFO 8952 --- [RMI TCP Connection(4)-127.0.0.1] com.zaxxer.hikari.HikariDataSource       : HikariPool-1 - Shutdown completed.
2018-07-27 14:26:25.614  INFO 2408 --- [restartedMain] c.c.s.SpringBootMyBatisApplication       : Starting SpringBootMyBatisApplication on LIN51006363 with PID 2408 (C:\Users\ambhaler\138947\MyCodingWorkSpace\SpringWorkspace\Spring-Boot\SpringBootRESTJPAMyBatis\target\classes started by ambhaler in C:\Users\ambhaler\138947\MyCodingWorkSpace\SpringWorkspace\Spring-Boot\SpringBootRESTJPAMyBatis)
2018-07-27 14:26:25.614  INFO 2408 --- [restartedMain] c.c.s.SpringBootMyBatisApplication       : No active profile set, falling back to default profiles: default
2018-07-27 14:26:26.972  INFO 2408 --- [restartedMain] o.apache.catalina.core.StandardService   : Starting service [Tomcat]
2018-07-27 14:26:26.975  INFO 2408 --- [restartedMain] org.apache.catalina.core.StandardEngine  : Starting Servlet Engine: Apache Tomcat/8.5.31
2018-07-27 14:26:26.976  INFO 2408 --- [localhost-startStop-1] o.a.catalina.core.AprLifecycleListener   : The APR based Apache Tomcat Native library which allows optimal performance in production environments was not found on the java.library.path: [C:\Program Files (x86)\Java\jdk1.8.0_91\bin;C:\WINDOWS\Sun\Java\bin;C:\WINDOWS\system32;C:\WINDOWS;C:/Program Files/Java/jre1.8.0_131/bin/server;C:/Program Files/Java/jre1.8.0_131/bin;C:/Program Files/Java/jre1.8.0_131/lib/amd64;C:\WINDOWS\system32;C:\WINDOWS;C:\WINDOWS\System32\Wbem;C:\WINDOWS\System32\WindowsPowerShell\v1.0\;C:\Program Files (x86)\QuickTime\QTSystem\;C:\Program Files\CapgeminiScripts\Support Tools\;C:\Program Files\TortoiseSVN\bin;C:\Program Files (x86)\Java\jdk1.8.0_91\bin;C:\Softwares\Required\apache-maven-2.2.1\bin\;C:\Program Files (x86)\Java\jdk1.8.0_91\jre\bin;C:\Program Files\nodejs\;C:\Program Files\Git\cmd;C:\Program Files\Microsoft VS Code\bin;C:\Users\ambhaler\AppData\Local\Microsoft\WindowsApps;C:\Users\ambhaler\AppData\Roaming\npm;C:\Users\ambhaler\AppData\Roaming\npm\node_modules\@angular\cli\bin\;;C:\Softwares\Extra\spring-tool-suite-3.9.4.RELEASE-e4.7.3a-win32-x86_64\sts-bundle\sts-3.9.4.RELEASE;;.]
2018-07-27 14:26:27.195  INFO 2408 --- [localhost-startStop-1] o.a.c.c.C.[Tomcat].[localhost].[/]       : Initializing Spring embedded WebApplicationContext
2018-07-27 14:26:27.473  INFO 2408 --- [restartedMain] com.zaxxer.hikari.HikariDataSource       : HikariPool-1 - Starting...
2018-07-27 14:26:27.594  INFO 2408 --- [restartedMain] com.zaxxer.hikari.HikariDataSource       : HikariPool-1 - Start completed.
2018-07-27 14:26:27.641  INFO 2408 --- [restartedMain] o.hibernate.jpa.internal.util.LogHelper  : HHH000204: Processing PersistenceUnitInfo [
	name: default
	...]
2018-07-27 14:26:27.688  INFO 2408 --- [restartedMain] org.hibernate.Version                    : HHH000412: Hibernate Core {5.2.17.Final}
2018-07-27 14:26:27.688  INFO 2408 --- [restartedMain] org.hibernate.cfg.Environment            : HHH000206: hibernate.properties not found
2018-07-27 14:26:27.751  INFO 2408 --- [restartedMain] o.hibernate.annotations.common.Version   : HCANN000001: Hibernate Commons Annotations {5.0.1.Final}
2018-07-27 14:26:27.845  INFO 2408 --- [restartedMain] org.hibernate.dialect.Dialect            : HHH000400: Using dialect: org.hibernate.dialect.MySQL5Dialect
2018-07-27 14:26:28.644  WARN 2408 --- [restartedMain] aWebConfiguration$JpaWebMvcConfiguration : spring.jpa.open-in-view is enabled by default. Therefore, database queries may be performed during view rendering. Explicitly configure spring.jpa.open-in-view to disable this warning
2018-07-27 14:26:29.112  INFO 2408 --- [restartedMain] c.c.s.SpringBootMyBatisApplication       : Started SpringBootMyBatisApplication in 3.824 seconds (JVM running for 4.728)
2018-07-27 14:26:38.917  INFO 2408 --- [http-nio-8085-exec-2] o.a.c.c.C.[Tomcat].[localhost].[/]       : Initializing Spring FrameworkServlet 'dispatcherServlet'
2018-07-27 14:27:11.098  INFO 2408 --- [RMI TCP Connection(2)-127.0.0.1] com.zaxxer.hikari.HikariDataSource       : HikariPool-1 - Shutdown initiated...
2018-07-27 14:27:11.109  INFO 2408 --- [RMI TCP Connection(2)-127.0.0.1] com.zaxxer.hikari.HikariDataSource       : HikariPool-1 - Shutdown completed.
